<?xml version="1.0" encoding="UTF-8"?>
<testsuite xmlns:xsi="http://www.w3.org/2001/XMLSchema-instance" xsi:noNamespaceSchemaLocation="https://maven.apache.org/surefire/maven-surefire-plugin/xsd/surefire-test-report-3.0.xsd" version="3.0" name="BasketSplitterTest" time="0.121" tests="2" errors="0" skipped="0" failures="0">
  <properties>
[...]
</properties>
  <testcase name="testEmptyBasket" classname="BasketSplitterTest" time="0.013">
    <system-out><![CDATA[Basket is empty!
]]></system-out>
  </testcase>
  <testcase name="testResultSizes" classname="BasketSplitterTest" time="0.005"/>
</testsuite>